Cadence Genus(TM) Synthesis Solution.
Copyright 2022 Cadence Design Systems, Inc. All rights reserved worldwide.
Cadence and the Cadence logo are registered trademarks and Genus is a trademark
of Cadence Design Systems, Inc. in the United States and other countries.

[12:44:43.095633] Configured Lic search path (21.01-s002): 5280@cadence

Version: 21.14-s082_1, built Thu Jun 23 02:02:08 PDT 2022
Options: 
Date:    Mon Jun 09 12:44:43 2025
Host:    asiclab.kongu.edu (x86_64 w/Linux 4.18.0-425.3.1.el8.x86_64) (20cores*28cpus*1physical cpu*Intel(R) Core(TM) i7-14700 33792KB) (65447360KB)
PID:     28807
OS:      Red Hat Enterprise Linux release 8.7 (Ootpa)


[12:44:43.243435] Periodic Lic check successful
[12:44:43.243442] Feature usage summary:
[12:44:43.243442] Genus_Synthesis
Checking out license: Genus_Synthesis


***********************************************************************************************************
***********************************************************************************************************



Loading tool scripts...
Finished loading tool scripts (3 seconds elapsed).

WARNING: This version of the tool is 1081 days old.
@genus:root: 1> source rcscript.tcl
Sourcing './rcscript.tcl' (Mon Jun 09 12:44:53 IST 2025)...
#@ Begin verbose source ./rcscript.tcl
@file(rcscript.tcl) 2: set_db init_lib_search_path /home/install/FOUNDRY/digital/90nm/dig/lib   
  Setting attribute of root '/': 'init_lib_search_path' = /home/install/FOUNDRY/digital/90nm/dig/lib
@file(rcscript.tcl) 3: set_db hdl_search_path /home/student/risc-v/logic
Warning : This attribute will be obsolete in a next major release. [TUI-32]
        : attribute: 'hdl_search_path', object type: 'root'
        : Attribute 'hdl_search_path' is going to be obsoleted, use the new attribute 'init_hdl_search_path'.
  Setting attribute of root '/': 'hdl_search_path' = /home/student/risc-v/logic
@file(rcscript.tcl) 5: set_db library slow.lib

Threads Configured:3

  Message Summary for Library slow.lib:
  *************************************
  Missing a function attribute in the output pin definition. [LBR-518]: 1
  Missing library level attribute. [LBR-516]: 1
  *************************************
 
Info    : Created nominal operating condition. [LBR-412]
        : Operating condition '_nominal_' was created for the PVT values (1.000000, 0.900000, 125.000000) in library 'slow.lib'.
        : The nominal operating condition is represented, either by the nominal PVT values specified in the library source (via nom_process,nom_voltage and nom_temperature respectively), or by the default PVT values (1.0,1.0,1.0).
  Setting attribute of root '/': 'library' = slow.lib
@file(rcscript.tcl) 6: read_hdl riscv.v
@file(rcscript.tcl) 7: elaborate 
  Library has 324 usable logic and 128 usable sequential lib-cells.
Info    : Elaborating Design. [ELAB-1]
        : Elaborating top-level block 'simple_riscv' from file '/home/student/risc-v/logic/riscv.v'.
Info    : Done Elaborating Design. [ELAB-3]
        : Done elaborating 'simple_riscv'.
Checking for analog nets...
Check completed for analog nets.
Checking for source RTL...
Check completed for source RTL.
Running Unified Mux Engine Tricks...
Completed Unified Mux Engine Tricks

Stage: post_elab
--------------------------------------------------------
| Trick             | Accepts | Rejects | Runtime (ms) | 
--------------------------------------------------------
| ume_constant_bmux |       0 |       0 |         0.00 | 
--------------------------------------------------------
Starting clip mux common data inputs [v1.0] (stage: post_elab, startdef: simple_riscv, recur: true)
Completed clip mux common data inputs (accepts: 0, rejects: 0, runtime: 0.000s)
Starting clip the non-user hierarchies [v2.0] (stage: post_elab, startdef: simple_riscv, recur: true)
Completed clip the non-user hierarchies (accepts: 0, rejects: 0, runtime: 0.000s)

Stage: post_elab
---------------------------------------------------------
| Transform          | Accepts | Rejects | Runtime (ms) | 
---------------------------------------------------------
| hlo_clip_mux_input |       0 |       0 |         0.00 | 
| hlo_clip           |       0 |       0 |         0.00 | 
---------------------------------------------------------
UM:   flow.cputime  flow.realtime  timing.setup.tns  timing.setup.wns  snapshot
UM:*                                                                   elaborate
@file(rcscript.tcl) 8: read_sdc /home/student/risc-v/logic/constraints_sdc.sdc
Warning : Unsupported SDC command option. [SDC-201] [set_input_delay]
        : The set_input_delay command is not supported on ports which have a clock already defined 'port:simple_riscv/clk'.
        : The current version does not support this SDC command option.  However, future versions may be enhanced to support this option.
Warning : Could not find requested search value. [SDC-208] [get_ports]
        : The 'get_ports' command on line '7' of the SDC file '/home/student/risc-v/logic/constraints_sdc.sdc'  cannot find any ports named 'rst'
        : Use get_* commands to find the objects along with a wild card entry in the name of the object to check if the object is existing with different naming style.
Error   : Invalid SDC command option combination. [SDC-204] [set_io_delay]
        : The set_io_delay command does not accept empty ports lists
        : This option is not valid for the indicated SDC command. Check the SDC command and contact Cadence customer support if you believe this option combination should be supported.
Error   : Could not interpret SDC command. [SDC-202] [read_sdc]
        : The 'read_sdc' command encountered an error while processing this command on line '7' of the SDC file '/home/student/risc-v/logic/constraints_sdc.sdc': set_input_delay -max 0.8 [get_ports 'rst'] -clock [get_clocks 'clk'].
        : The 'read_sdc' command encountered a problem while trying to evaluate an SDC command. This SDC command will be added to the Tcl variable $::dc::sdc_failed_commands.
Warning : Could not find requested search value. [SDC-208] [get_ports]
        : The 'get_ports' command on line '8' of the SDC file '/home/student/risc-v/logic/constraints_sdc.sdc'  cannot find any ports named 'count'
Error   : Could not interpret SDC command. [SDC-202] [read_sdc]
        : The 'read_sdc' command encountered an error while processing this command on line '8' of the SDC file '/home/student/risc-v/logic/constraints_sdc.sdc': set_output_delay -max 0.8 [get_ports 'count'] -clock [get_clocks 'clk'].
Statistics for commands executed by read_sdc:
 "all_inputs"               - successful      1 , failed      0 (runtime  0.00)
 "all_outputs"              - successful      1 , failed      0 (runtime  0.00)
 "create_clock"             - successful      1 , failed      0 (runtime  0.00)
 "current_design"           - successful      1 , failed      0 (runtime  0.00)
 "get_clocks"               - successful      5 , failed      0 (runtime  0.00)
 "get_ports"                - successful      3 , failed      2 (runtime  0.00)
 "set_clock_transition"     - successful      2 , failed      0 (runtime  0.00)
 "set_clock_uncertainty"    - successful      1 , failed      0 (runtime  0.00)
 "set_input_delay"          - successful      1 , failed      1 (runtime  0.00)
 "set_input_transition"     - successful      1 , failed      0 (runtime  0.00)
 "set_load"                 - successful      1 , failed      0 (runtime  0.00)
 "set_max_fanout"           - successful      1 , failed      0 (runtime  0.00)
 "set_output_delay"         - successful      0 , failed      1 (runtime  0.00)
Warning : Total failed commands during read_sdc are 4
Warning : One or more commands failed when these constraints were applied. [SDC-209]
        : The 'read_sdc' command encountered a problem while processing commands.
        : You can examine the failed commands or save them to a file by querying the Tcl variable $::dc::sdc_failed_commands.
read_sdc completed in 00:00:00 (hh:mm:ss)
@file(rcscript.tcl) 11: set_db syn_generic_effort medium
  Setting attribute of root '/': 'syn_generic_effort' = medium
@file(rcscript.tcl) 12: syn_generic

Stage: pre_early_cg
------------------------------------------------
| Transform | Accepts | Rejects | Runtime (ms) | 
------------------------------------------------
------------------------------------------------
##Generic Timing Info for library domain: _default_ typical gate delay: 127.0 ps std_slew: 15.5 ps std_load: 7.0 fF
Starting mux data reorder optimization [v1.0] (stage: pre_to_gen_setup, startdef: simple_riscv, recur: true)
Completed mux data reorder optimization (accepts: 0, rejects: 0, runtime: 0.001s)

Stage: pre_to_gen_setup
------------------------------------------------------
| Transform       | Accepts | Rejects | Runtime (ms) | 
------------------------------------------------------
| hlo_mux_reorder |       0 |       0 |         1.00 | 
------------------------------------------------------
Info    : Deleting instances not driving any primary outputs. [GLO-34]
        : Deleting 6 hierarchical instances.
        : Optimizations such as constant propagation or redundancy removal could change the connections so a hierarchical instance does not drive any primary outputs anymore. To see the list of deleted hierarchical instances, set the 'information_level' attribute to 2 or above. If the message is truncated set the message attribute 'truncate' to false to see the complete list. To prevent this optimization, set the 'delete_unloaded_insts' root/subdesign attribute to 'false' or 'preserve' instance attribute to 'true'.
Info    : Synthesizing. [SYNTH-1]
        : Synthesizing 'simple_riscv' to generic gates using 'medium' effort.
PBS_Generic-Start - Elapsed_Time 0, CPU_Time 0.0
stamp 'PBS_Generic-Start' being created for table 'pbs_debug'

  Total Time (Wall) |  Stage Time (Wall)  |   % (Wall)   |    Date - Time     |  Memory   | Stage
--------------------+---------------------+--------------+--------------------+-----------+----------------------
 00:00:04(00:00:08) |  00:00:00(00:00:00) |   0.0(  0.0) |   12:44:53 (Jun09) |  447.3 MB | PBS_Generic-Start
--------------------+---------------------+--------------+--------------------+-----------+----------------------
Number of threads: 8 * 1   (id: pbs_debug, time_info v1.57)
Info: (*N*) indicates data that was populated from previously saved time_info database
Info: CPU time includes time of parent + longest thread
TNS Restructuring config: no_value at stage: generic applied.
Info    : Partition Based Synthesis execution skipped. [PHYS-752]
        : Design size is less than the partition size '100000' for distributed generic optimization to kick in.
Starting mux data reorder optimization [v1.0] (stage: pre_to_gen_setup, startdef: simple_riscv, recur: true)
Completed mux data reorder optimization (accepts: 0, rejects: 0, runtime: 0.001s)

Stage: pre_to_gen_setup
------------------------------------------------------
| Transform       | Accepts | Rejects | Runtime (ms) | 
------------------------------------------------------
| hlo_mux_reorder |       0 |       0 |         1.00 | 
------------------------------------------------------
Starting mux data reorder optimization [v1.0] (stage: post_to_gen_setup, startdef: simple_riscv, recur: true)
Completed mux data reorder optimization (accepts: 0, rejects: 0, runtime: 0.001s)

Stage: post_to_gen_setup
------------------------------------------------------
| Transform       | Accepts | Rejects | Runtime (ms) | 
------------------------------------------------------
| hlo_mux_reorder |       0 |       0 |         1.00 | 
------------------------------------------------------
Running Unified Mux Engine Tricks...
Completed Unified Mux Engine Tricks

Stage: pre_hlo_rtlopt
--------------------------------------------
| Trick | Accepts | Rejects | Runtime (ms) | 
--------------------------------------------
--------------------------------------------
Starting infer macro optimization [v1.0] (stage: pre_rtlopt, startdef: simple_riscv, recur: true)
Completed infer macro optimization (accepts: 0, rejects: 0, runtime: 0.001s)
Starting decode mux sandwich optimization [v2.0] (stage: pre_rtlopt, startdef: simple_riscv, recur: true)
Completed decode mux sandwich optimization (accepts: 0, rejects: 0, runtime: 0.000s)
Starting decode mux optimization [v1.0] (stage: pre_rtlopt, startdef: simple_riscv, recur: true)
Completed decode mux optimization (accepts: 0, rejects: 0, runtime: 0.000s)
Starting chop wide muxes [v1.0] (stage: pre_rtlopt, startdef: simple_riscv, recur: true)
Completed chop wide muxes (accepts: 0, rejects: 0, runtime: 0.000s)
Starting common data mux cascade opt [v1.0] (stage: pre_rtlopt, startdef: simple_riscv, recur: true)
Completed common data mux cascade opt (accepts: 0, rejects: 0, runtime: 0.000s)
Starting mux input consolidation [v1.0] (stage: pre_rtlopt, startdef: simple_riscv, recur: true)
Completed mux input consolidation (accepts: 0, rejects: 0, runtime: 0.000s)
Starting constant-data mux optimization [v1.0] (stage: pre_rtlopt, startdef: simple_riscv, recur: true)
Completed constant-data mux optimization (accepts: 0, rejects: 0, runtime: 0.000s)
Starting chain-to-tree inequality transform [v2.0] (stage: pre_rtlopt, startdef: simple_riscv, recur: true)
Completed chain-to-tree inequality transform (accepts: 0, rejects: 0, runtime: 0.001s)
Starting reconvergence optimization [v1.0] (stage: pre_rtlopt, startdef: simple_riscv, recur: true)
Completed reconvergence optimization (accepts: 0, rejects: 0, runtime: 0.000s)
Starting logic restructure optimization [v1.0] (stage: pre_rtlopt, startdef: simple_riscv, recur: true)
Completed logic restructure optimization (accepts: 0, rejects: 0, runtime: 0.001s)
Starting common select mux optimization [v1.0] (stage: pre_rtlopt, startdef: simple_riscv, recur: true)
Completed common select mux optimization (accepts: 0, rejects: 1, runtime: 0.000s)
Starting identity transform [v3.0] (stage: pre_rtlopt, startdef: simple_riscv, recur: true)
Completed identity transform (accepts: 0, rejects: 0, runtime: 0.000s)
Starting reduce operator chain [v1.0] (stage: pre_rtlopt, startdef: simple_riscv, recur: true)
Completed reduce operator chain (accepts: 0, rejects: 0, runtime: 0.000s)
Starting common data mux cascade opt [v1.0] (stage: pre_rtlopt, startdef: simple_riscv, recur: true)
Completed common data mux cascade opt (accepts: 0, rejects: 0, runtime: 0.000s)
Starting mux input consolidation [v1.0] (stage: pre_rtlopt, startdef: simple_riscv, recur: true)
Completed mux input consolidation (accepts: 0, rejects: 0, runtime: 0.000s)
Starting optimize datapath elements [v1.0] (stage: pre_rtlopt, startdef: simple_riscv, recur: true)
Completed optimize datapath elements (accepts: 0, rejects: 0, runtime: 0.000s)
Starting datapath recasting [v1.0] (stage: pre_rtlopt, startdef: simple_riscv, recur: true)
Completed datapath recasting (accepts: 0, rejects: 0, runtime: 0.000s)
Starting clip mux common data inputs [v1.0] (stage: pre_rtlopt, startdef: simple_riscv, recur: true)
Completed clip mux common data inputs (accepts: 0, rejects: 0, runtime: 0.000s)
Starting clip the non-user hierarchies [v2.0] (stage: pre_rtlopt, startdef: simple_riscv, recur: true)
Completed clip the non-user hierarchies (accepts: 0, rejects: 0, runtime: 0.000s)

Stage: pre_rtlopt
----------------------------------------------------------------
| Transform                 | Accepts | Rejects | Runtime (ms) | 
----------------------------------------------------------------
| hlo_infer_macro           |       0 |       0 |         1.00 | 
| hlo_decode_mux_sandwich   |       0 |       0 |         0.00 | 
| hlo_mux_decode            |       0 |       0 |         0.00 | 
| hlo_chop_mux              |       0 |       0 |         0.00 | 
| hlo_mux_cascade_opt       |       0 |       0 |         0.00 | 
| hlo_mux_consolidation     |       0 |       0 |         0.00 | 
| hlo_constant_mux_opt      |       0 |       0 |         0.00 | 
| hlo_inequality_transform  |       0 |       0 |         1.00 | 
| hlo_reconv_opt            |       0 |       0 |         0.00 | 
| hlo_restructure           |       0 |       0 |         1.00 | 
| hlo_common_select_muxopto |       0 |       1 |         0.00 | 
| hlo_identity_transform    |       0 |       0 |         0.00 | 
| hlo_reduce_operator_chain |       0 |       0 |         0.00 | 
| hlo_mux_cascade_opt       |       0 |       0 |         0.00 | 
| hlo_mux_consolidation     |       0 |       0 |         0.00 | 
| hlo_optimize_datapath     |       0 |       0 |         0.00 | 
| hlo_datapath_recast       |       0 |       0 |         0.00 | 
| hlo_clip_mux_input        |       0 |       0 |         0.00 | 
| hlo_clip                  |       0 |       0 |         0.00 | 
----------------------------------------------------------------
Running Unified Mux Engine Tricks...
Completed Unified Mux Engine Tricks

Stage: post_hlo_rtlopt
--------------------------------------------------
| Trick       | Accepts | Rejects | Runtime (ms) | 
--------------------------------------------------
| ume_runtime |       0 |       0 |         0.00 | 
--------------------------------------------------
Number of big hc bmuxes before = 0
Number of non-ctl's : 1
mux_cmbsop_mem_read_41_19 
SOP DEBUG : Module= simple_riscv, Cluster= ctl_41_19, ctl= 1, Non-ctl= 1
Selected impl_type 0 (ctl + 1-hot mux form) for sop cluster ctl_41_19.
Info    : Pre-processed datapath logic. [DPOPT-6]
        : Pre-processing optimizations applied to datapath logic in 'simple_riscv':
          sop(1) 
Info    : Optimizing datapath logic. [DPOPT-1]
        : Optimizing datapath logic in 'simple_riscv'.
Info    : Implementing datapath configurations. [DPOPT-3]
        : Implementing datapath configurations for 'CDN_DP_region_0_0'
CSAGen Prep Share:0 Re-Write:0 Speculation: 0
MaxCSA: Successfully built Maximal CSA Expression Expr0
Info    : Accepted resource sharing opportunity. [RTLOPT-30]
        : Merged the following sets of instances in 'CDN_DP_region_0_0_c1 in simple_riscv':
	  (sub_56_51, add_53_51)

Info    : Accepted resource sharing opportunity. [RTLOPT-30]
        : Merged the following sets of instances in 'CDN_DP_region_0_0_c2 in simple_riscv':
	  (sub_56_51, add_53_51)

Info    : Accepted resource sharing opportunity. [RTLOPT-30]
        : Merged the following sets of instances in 'CDN_DP_region_0_0_c6 in simple_riscv':
	  (sub_56_51, add_53_51)

CDN_DP_region_0_0 level = 0 loads = 0 drivers = 0
CDN_DP_region_0_0_c0 in simple_riscv: area: 5130630275 ,dp = 7 mux = 6 sg = slow         worst_clk_period: -1.0000 
    wns: 1895  norm_wns:  -1.0000 
    fail_endp: -1 
    tns:  6646  tns_per_endp:  -1.0000   norm_tns_per_endp:  -1.0000 
    tns_sense_max:  -1.0000  tns_sense_avg:  -1.0000   tns_sense_num: -1
 skipped
CDN_DP_region_0_0_c1 in simple_riscv: area: 4810204295 ,dp = 4 mux = 7 sg = fast         worst_clk_period: -1.0000 
    wns: 3284  norm_wns:  -1.0000 
    fail_endp: -1 
    tns:  14046  tns_per_endp:  -1.0000   norm_tns_per_endp:  -1.0000 
    tns_sense_max:  -1.0000  tns_sense_avg:  -1.0000   tns_sense_num: -1
 is current best
CDN_DP_region_0_0_c2 in simple_riscv: area: 4810204295 ,dp = 4 mux = 7 sg = very_slow    worst_clk_period: -1.0000 
    wns: 3284  norm_wns:  -1.0000 
    fail_endp: -1 
    tns:  14046  tns_per_endp:  -1.0000   norm_tns_per_endp:  -1.0000 
    tns_sense_max:  -1.0000  tns_sense_avg:  -1.0000   tns_sense_num: -1
 is current best
CDN_DP_region_0_0_c3 in simple_riscv: area: 5130630275 ,dp = 5 mux = 6 sg = very_fast    worst_clk_period: -1.0000 
    wns: 1895  norm_wns:  -1.0000 
    fail_endp: -1 
    tns:  6646  tns_per_endp:  -1.0000   norm_tns_per_endp:  -1.0000 
    tns_sense_max:  -1.0000  tns_sense_avg:  -1.0000   tns_sense_num: -1
 is current best
CDN_DP_region_0_0_c4 in simple_riscv: area: 5130630275 ,dp = 5 mux = 6 sg = very_fast    worst_clk_period: -1.0000 
    wns: 1895  norm_wns:  -1.0000 
    fail_endp: -1 
    tns:  6646  tns_per_endp:  -1.0000   norm_tns_per_endp:  -1.0000 
    tns_sense_max:  -1.0000  tns_sense_avg:  -1.0000   tns_sense_num: -1
 is current best
CDN_DP_region_0_0_c5 in simple_riscv: area: 5130630275 ,dp = 5 mux = 6 sg = very_fast    worst_clk_period: -1.0000 
    wns: 1895  norm_wns:  -1.0000 
    fail_endp: -1 
    tns:  6646  tns_per_endp:  -1.0000   norm_tns_per_endp:  -1.0000 
    tns_sense_max:  -1.0000  tns_sense_avg:  -1.0000   tns_sense_num: -1
 is current best
CDN_DP_region_0_0_c6 in simple_riscv: area: 4810204295 ,dp = 4 mux = 7 sg = very_fast    worst_clk_period: -1.0000 
    wns: 3284  norm_wns:  -1.0000 
    fail_endp: -1 
    tns:  14046  tns_per_endp:  -1.0000   norm_tns_per_endp:  -1.0000 
    tns_sense_max:  -1.0000  tns_sense_avg:  -1.0000   tns_sense_num: -1

CDN_DP_region_0_0_c7 in simple_riscv: area: 5138259465 ,dp = 5 mux = 6 sg = very_fast    worst_clk_period: -1.0000 
    wns: 1895  norm_wns:  -1.0000 
    fail_endp: -1 
    tns:  6646  tns_per_endp:  -1.0000   norm_tns_per_endp:  -1.0000 
    tns_sense_max:  -1.0000  tns_sense_avg:  -1.0000   tns_sense_num: -1

Best config: CDN_DP_region_0_0_c5 in simple_riscv: area: 5130630275 ,dp = 5 mux = 6 sg = very_fast    worst_clk_period: -1.0000 
    wns: 1895  norm_wns:  -1.0000 
    fail_endp: -1 
    tns:  6646  tns_per_endp:  -1.0000   norm_tns_per_endp:  -1.0000 
    tns_sense_max:  -1.0000  tns_sense_avg:  -1.0000   tns_sense_num: -1
  Smallest config area : 4810204295.  Fastest config wns;  1895
##>+----------------------------------------------------------------------------------------------------------------------------------------------------------------+
##>Summary table of configs (Best config is CDN_DP_region_0_0_c5)
##>+----------------------------------------------------------------------------------------------------------------------------------------------------------------+
##>                     0                  1                  2                  3                  4                  5                  6                  7            
##>+----------------------------------------------------------------------------------------------------------------------------------------------------------------+
##>           Area       5130630275         4810204295         4810204295         5130630275         5130630275         5130630275         4810204295         5138259465  
##>            WNS          -189.50            -328.40            -328.40            -189.50            -189.50            -189.50            -328.40            -189.50  
##>            TNS             6646              14046              14046               6646               6646               6646              14046               6646  
##>    Num Rewrite                0                  0                  0                  0                  0                  0                  0                  0  
##>     Num Factor                0                  0                  0                  0                  0                  0                  0                  0  
##>      Num Share                0                  1                  1                  0                  0                  0                  1                  0  
##>   Num CmultCse                0                  0                  0                  0                  0                  0                  0                  0  
##>   Num Downsize                0                  0                  0                  0                  0                  0                  0                  0  
##>  Num Speculate                0                  0                  0                  0                  0                  0                  0                  0  
##>     Runtime(s)                0                  0                  0                  0                  0                  0                  0                  0  
+----------------------------------------------------------------------------------------------------------------------------------------------------------------+
##>
##>
##>+------------------------------------------------------------------------------------------------------------------------------------------------------------+
##>Optimization Step DEBUG Table for config CDN_DP_region_0_0_c5
##>
##>                          Step                        Area   ( % Chg)        WNS (Change)        TNS (Change)          Runtime (s)        Comment                   
##>+------------------------------------------------------------------------------------------------------------------------------------------------------------+
##>createMaxCarrySave              START             5130630275 (      )     -189.50 (        )          6646 (        )              
##> datapath_rewrite_one_def       START             5130630275 ( +0.00)     -189.50 (   +0.00)          6646 (       0)              
##>  fast_cse_elim                 START             5130630275 ( +0.00)     -189.50 (   +0.00)          6646 (       0)              
##>                                  END             5130630275 ( +0.00)     -189.50 (   +0.00)          6646 (       0)           0  
##>  fast_cse_elim                 START             5130630275 ( +0.00)     -189.50 (   +0.00)          6646 (       0)              
##>                                  END             5130630275 ( +0.00)     -189.50 (   +0.00)          6646 (       0)           0  
##>                                  END             5130630275 ( +0.00)     -189.50 (   +0.00)          6646 (       0)           0  
##> speculate_in_gdef              START             5130630275 ( +0.00)     -189.50 (   +0.00)          6646 (       0)              
##>  pre_speculate_mux_merge       START             5130630275 ( +0.00)     -189.50 (   +0.00)          6646 (       0)              
##>                                  END             5130630275 ( +0.00)     -189.50 (   +0.00)          6646 (       0)           0  
##>                                  END             5130630275 ( +0.00)     -189.50 (   +0.00)          6646 (       0)           0  
##> csa_opto                       START             5130630275 ( +0.00)     -189.50 (   +0.00)          6646 (       0)              
##>                                  END             5130630275 ( +0.00)     -189.50 (   +0.00)          6646 (       0)           0  
##>                                  END             5130630275 ( +0.00)     -189.50 (   +0.00)          6646 (       0)           0  
##>canonicalize_by_names           START             5130630275 ( +0.00)     -189.50 (   +0.00)          6646 (       0)              
##>                                  END             5130630275 ( +0.00)     -189.50 (   +0.00)          6646 (       0)           0  
##>datapath_rewrite_post_csa_one_  START             5130630275 ( +0.00)     -189.50 (   +0.00)          6646 (       0)              
##>                                  END             5130630275 ( +0.00)     -189.50 (   +0.00)          6646 (       0)           0  
##>datapath_csa_factoring_one_gde  START             5130630275 ( +0.00)     -189.50 (   +0.00)          6646 (       0)              
##>                                  END             5130630275 ( +0.00)     -189.50 (   +0.00)          6646 (       0)           0  
##>dpopt_share_one_def             START             5130630275 ( +0.00)     -189.50 (   +0.00)          6646 (       0)              
##>                                  END             5130630275 ( +0.00)     -189.50 (   +0.00)          6646 (       0)           0  
##>datapath_rewrite_post_share     START             5130630275 ( +0.00)     -189.50 (   +0.00)          6646 (       0)              
##>                                  END             5130630275 ( +0.00)     -189.50 (   +0.00)          6646 (       0)           0  
##>dp_combine_const_mult_with_com  START             5130630275 ( +0.00)     -189.50 (   +0.00)          6646 (       0)              
##>                                  END             5130630275 ( +0.00)     -189.50 (   +0.00)          6646 (       0)           0  
##>speculate_in_gdef               START             5130630275 ( +0.00)     -189.50 (   +0.00)          6646 (       0)              
##> pre_speculate_mux_merge        START             5130630275 ( +0.00)     -189.50 (   +0.00)          6646 (       0)              
##>                                  END             5130630275 ( +0.00)     -189.50 (   +0.00)          6646 (       0)           0  
##>                                  END             5130630275 ( +0.00)     -189.50 (   +0.00)          6646 (       0)           0  
##>dp_operator_level_decompositio  START             5130630275 ( +0.00)     -189.50 (   +0.00)          6646 (       0)              
##>                                  END             5130630275 ( +0.00)     -189.50 (   +0.00)          6646 (       0)           0  
##>selective_flatten_dp_config     START             5130630275 ( +0.00)     -189.50 (   +0.00)          6646 (       0)              
##>                                  END             5130630275 ( +0.00)     -189.50 (   +0.00)          6646 (       0)           0  
##>createMaxCarrySave              START             5130630275 ( +0.00)     -189.50 (   +0.00)          6646 (       0)              
##> datapath_rewrite_one_def       START             5130630275 ( +0.00)     -189.50 (   +0.00)          6646 (       0)              
##>  fast_cse_elim                 START             5130630275 ( +0.00)     -189.50 (   +0.00)          6646 (       0)              
##>                                  END             5130630275 ( +0.00)     -189.50 (   +0.00)          6646 (       0)           0  
##>  fast_cse_elim                 START             5130630275 ( +0.00)     -189.50 (   +0.00)          6646 (       0)              
##>                                  END             5130630275 ( +0.00)     -189.50 (   +0.00)          6646 (       0)           0  
##>                                  END             5130630275 ( +0.00)     -189.50 (   +0.00)          6646 (       0)           0  
##> speculate_in_gdef              START             5130630275 ( +0.00)     -189.50 (   +0.00)          6646 (       0)              
##>  pre_speculate_mux_merge       START             5130630275 ( +0.00)     -189.50 (   +0.00)          6646 (       0)              
##>                                  END             5130630275 ( +0.00)     -189.50 (   +0.00)          6646 (       0)           0  
##>                                  END             5130630275 ( +0.00)     -189.50 (   +0.00)          6646 (       0)           0  
##> csa_opto                       START             5130630275 ( +0.00)     -189.50 (   +0.00)          6646 (       0)              
##>                                  END             5130630275 ( +0.00)     -189.50 (   +0.00)          6646 (       0)           0  
##>                                  END             5130630275 ( +0.00)     -189.50 (   +0.00)          6646 (       0)           0  
##>context_based_simplify          START             5130630275 ( +0.00)     -189.50 (   +0.00)          6646 (       0)              
##>                                  END             5130630275 ( +0.00)     -189.50 (   +0.00)          6646 (       0)           0  
##>group_csa_final_adder_dp        START             5130630275 ( +0.00)     -189.50 (   +0.00)          6646 (       0)              
##>                                  END             5130630275 ( +0.00)     -189.50 (   +0.00)          6646 (       0)           0  
##>dpopt_flatten_critical_muxes_i  START             5130630275 ( +0.00)     -189.50 (   +0.00)          6646 (       0)              
##>                                  END             5130630275 ( +0.00)     -189.50 (   +0.00)          6646 (       0)           0  
##>speculate_in_gdef               START             5130630275 ( +0.00)     -189.50 (   +0.00)          6646 (       0)              
##> pre_speculate_mux_merge        START             5130630275 ( +0.00)     -189.50 (   +0.00)          6646 (       0)              
##>                                  END             5130630275 ( +0.00)     -189.50 (   +0.00)          6646 (       0)           0  
##>                                  END             5130630275 ( +0.00)     -189.50 (   +0.00)          6646 (       0)           0  
##>create_score                    START             5130630275 ( +0.00)     -189.50 (   +0.00)          6646 (       0)              
##>                                  END             5130630275 ( +0.00)     -189.50 (   +0.00)          6646 (       0)           0  
##>+------------------------------------------------------------------------------------------------------------------------------------------------------------+
Committed config: CDN_DP_region_0_0_c5
Info    : Done implementing datapath configurations. [DPOPT-4]
        : Selected 'very_fast' configuration 5 for module 'CDN_DP_region_0_0'.
          Optimizations applied to 'very_fast' configuration:
            rewriting(0), factoring(0), sharing(0), cmultcse(0), downsizing(0), speculation(0)
Info    : Done optimizing datapath logic. [DPOPT-2]
        : Done optimizing datapath logic in 'simple_riscv'.
Number of big hc bmuxes after = 0
Starting logic reduction [v1.0] (stage: post_rtlopt, startdef: simple_riscv, recur: true)
Completed logic reduction (accepts: 0, rejects: 0, runtime: 0.000s)
Starting mux data reorder optimization [v1.0] (stage: post_rtlopt, startdef: simple_riscv, recur: true)
Completed mux data reorder optimization (accepts: 0, rejects: 0, runtime: 0.000s)

Stage: post_rtlopt
----------------------------------------------------------
| Transform           | Accepts | Rejects | Runtime (ms) | 
----------------------------------------------------------
| hlo_logic_reduction |       0 |       0 |         0.00 | 
| hlo_mux_reorder     |       0 |       0 |         0.00 | 
----------------------------------------------------------
Starting mux speculation [v1.0] (stage: post_muxopt, startdef: simple_riscv, recur: true)
Starting speculation optimization
Completed speculation optimization (accepts:0)
Completed mux speculation (accepts: 0, rejects: 0, runtime: 0.016s)

Stage: post_muxopt
------------------------------------------------------
| Transform       | Accepts | Rejects | Runtime (ms) | 
------------------------------------------------------
| hlo_speculation |       0 |       0 |        16.00 | 
------------------------------------------------------
==================================
Stage : to_generic 
==================================
  =================
   Message Summary
  =================
--------------------------------------------------------------------------------
|    Id     |  Sev   |Count |                  Message Text                    |
--------------------------------------------------------------------------------
| CDFG-250  |Info    |    1 |Processing multi-dimensional arrays.              |
| CDFG-769  |Info    |    1 |Identified sum-of-products logic to be optimized  |
|           |        |      | during syn_generic.                              |
| CWD-19    |Info    |   14 |An implementation was inferred.                   |
| DPOPT-1   |Info    |    1 |Optimizing datapath logic.                        |
| DPOPT-2   |Info    |    1 |Done optimizing datapath logic.                   |
| DPOPT-3   |Info    |    1 |Implementing datapath configurations.             |
| DPOPT-4   |Info    |    1 |Done implementing datapath configurations.        |
| DPOPT-6   |Info    |    1 |Pre-processed datapath logic.                     |
| ELAB-1    |Info    |    1 |Elaborating Design.                               |
| ELAB-3    |Info    |    1 |Done Elaborating Design.                          |
| GLO-34    |Info    |    1 |Deleting instances not driving any primary        |
|           |        |      | outputs.                                         |
|           |        |      |Optimizations such as constant propagation or     |
|           |        |      | redundancy removal could change the connections  |
|           |        |      | so a hierarchical instance does not drive any    |
|           |        |      | primary outputs anymore. To see the list of      |
|           |        |      | deleted hierarchical instances, set the          |
|           |        |      | 'information_level' attribute to 2 or above. If  |
|           |        |      | the message is truncated set the message         |
|           |        |      | attribute 'truncate' to false to see the         |
|           |        |      | complete list. To prevent this optimization, set |
|           |        |      | the 'delete_unloaded_insts' root/subdesign       |
|           |        |      | attribute to 'false' or 'preserve' instance      |
|           |        |      | attribute to 'true'.                             |
| LBR-41    |Info    |    1 |An output library pin lacks a function attribute. |
|           |        |      |If the remainder of this library cell's semantic  |
|           |        |      | checks are successful, it will be considered as  |
|           |        |      | a timing-model                                   |
|           |        |      | (because one of its outputs does not have a vali |
|           |        |      | d function.                                      |
| LBR-155   |Info    |  372 |Mismatch in unateness between 'timing_sense'      |
|           |        |      | attribute and the function.                      |
|           |        |      |The 'timing_sense' attribute will be respected.   |
| LBR-161   |Info    |    1 |Setting the maximum print count of this message   |
|           |        |      | to 10 if information_level is less than 9.       |
| LBR-162   |Info    |  124 |Both 'pos_unate' and 'neg_unate' timing_sense     |
|           |        |      | arcs have been processed.                        |
|           |        |      |Setting the 'timing_sense' to non_unate.          |
| LBR-170   |Info    |   32 |Ignoring specified timing sense.                  |
|           |        |      |Timing sense should never be set with             |
|           |        |      | 'rising_edge' or 'falling_edge' timing type.     |
| LBR-412   |Info    |    1 |Created nominal operating condition.              |
|           |        |      |The nominal operating condition is represented,   |
|           |        |      | either by the nominal PVT values specified in    |
|           |        |      | the library source                               |
|           |        |      | (via nom_process,nom_voltage and nom_temperature |
|           |        |      | respectively)                                    |
|           |        |      | , or by the default PVT values (1.0,1.0,1.0).    |
| LBR-516   |Info    |    1 |Missing library level attribute.                  |
| LBR-518   |Info    |    1 |Missing a function attribute in the output pin    |
|           |        |      | definition.                                      |
| PHYS-752  |Info    |    1 |Partition Based Synthesis execution skipped.      |
| RTLOPT-30 |Info    |    3 |Accepted resource sharing opportunity.            |
| SDC-201   |Warning |    1 |Unsupported SDC command option.                   |
|           |        |      |The current version does not support this SDC     |
|           |        |      | command option.  However, future versions may be |
|           |        |      | enhanced to support this option.                 |
| SDC-202   |Error   |    2 |Could not interpret SDC command.                  |
|           |        |      |The 'read_sdc' command encountered a problem      |
|           |        |      | while trying to evaluate an SDC command. This    |
|           |        |      | SDC command will be added to the Tcl variable    |
|           |        |      | $::dc::sdc_failed_commands.                      |
| SDC-204   |Error   |    1 |Invalid SDC command option combination.           |
|           |        |      |This option is not valid for the indicated SDC    |
|           |        |      | command. Check the SDC command and contact       |
|           |        |      | Cadence customer support if you believe this     |
|           |        |      | option combination should be supported.          |
| SDC-208   |Warning |    2 |Could not find requested search value.            |
|           |        |      |Use get_* commands to find the objects along with |
|           |        |      | a wild card entry in the name of the object to   |
|           |        |      | check if the object is existing with different   |
|           |        |      | naming style.                                    |
| SDC-209   |Warning |    1 |One or more commands failed when these            |
|           |        |      | constraints were applied.                        |
|           |        |      |You can examine the failed commands or save them  |
|           |        |      | to a file by querying the Tcl variable           |
|           |        |      | $::dc::sdc_failed_commands.                      |
| SYNTH-1   |Info    |    1 |Synthesizing.                                     |
| TIM-1000  |Info    |    1 |Multimode clock gating check is disabled.         |
| TUI-32    |Warning |    1 |This attribute will be obsolete in a next major   |
|           |        |      | release.                                         |
--------------------------------------------------------------------------------
Mapper: Libraries have:
	domain _default_: 324 combo usable cells and 128 sequential usable cells
Multi-threaded constant propagation [1|0] ...
Multi-threaded Virtual Mapping    (8 threads per ST process, 8 of 28 CPUs usable)
==================================
Stage : first_condense 
==================================
  =================
   Message Summary
  =================
---------------------------------------------------------------
|  Id  |Sev  |Count |              Message Text               |
---------------------------------------------------------------
| GB-6 |Info |    2 |A datapath component has been ungrouped. |
---------------------------------------------------------------
 
Global mapping target info
==========================
Cost Group 'clk' target slack:    56 ps
Target path end-point (Pin: reg_file_reg[15][6]/d)


State Retention Synthesis Status
================================

Category                        Flops   Percentage
--------------------------------------------------
Total instances                   142        100.0
Excluded from State Retention     142        100.0
    - Will not convert            142        100.0
      - Preserved                   0          0.0
      - Power intent excluded     142        100.0
    - Could not convert             0          0.0
      - Scan type                   0          0.0
      - No suitable cell            0          0.0
State Retention instances           0          0.0
--------------------------------------------------

PBS_Generic_Opt-Post - Elapsed_Time 3, CPU_Time 2.0192359999999994
stamp 'PBS_Generic_Opt-Post' being created for table 'pbs_debug'

  Total Time (Wall) |  Stage Time (Wall)  |   % (Wall)   |    Date - Time     |  Memory   | Stage
--------------------+---------------------+--------------+--------------------+-----------+----------------------
 00:00:04(00:00:08) |  00:00:00(00:00:00) |   0.0(  0.0) |   12:44:53 (Jun09) |  447.3 MB | PBS_Generic-Start
--------------------+---------------------+--------------+--------------------+-----------+----------------------
 00:00:06(00:00:11) |  00:00:02(00:00:03) | 100.0(100.0) |   12:44:56 (Jun09) |  447.3 MB | PBS_Generic_Opt-Post
--------------------+---------------------+--------------+--------------------+-----------+----------------------
Number of threads: 8 * 1   (id: pbs_debug, time_info v1.57)
Info: (*N*) indicates data that was populated from previously saved time_info database
Info: CPU time includes time of parent + longest thread
PBS_Generic-Postgen HBO Optimizations - Elapsed_Time 0, CPU_Time 0.0
stamp 'PBS_Generic-Postgen HBO Optimizations' being created for table 'pbs_debug'

  Total Time (Wall) |  Stage Time (Wall)  |   % (Wall)   |    Date - Time     |  Memory   | Stage
--------------------+---------------------+--------------+--------------------+-----------+----------------------
 00:00:04(00:00:08) |  00:00:00(00:00:00) |   0.0(  0.0) |   12:44:53 (Jun09) |  447.3 MB | PBS_Generic-Start
--------------------+---------------------+--------------+--------------------+-----------+----------------------
 00:00:06(00:00:11) |  00:00:02(00:00:03) | 100.0(100.0) |   12:44:56 (Jun09) |  447.3 MB | PBS_Generic_Opt-Post
--------------------+---------------------+--------------+--------------------+-----------+----------------------
 00:00:06(00:00:11) |  00:00:00(00:00:00) |   0.0(  0.0) |   12:44:56 (Jun09) |  447.3 MB | PBS_Generic-Postgen HBO Optimizations
--------------------+---------------------+--------------+--------------------+-----------+----------------------
Number of threads: 8 * 1   (id: pbs_debug, time_info v1.57)
Info: (*N*) indicates data that was populated from previously saved time_info database
Info: CPU time includes time of parent + longest thread
##>=================== Cadence Confidential (Generic-Logical) ===================
##>=================== Cadence Confidential (Generic-Logical) ===================
##>Main Thread Summary:
##>----------------------------------------------------------------------------------------
##>STEP                           Elapsed       WNS       TNS     Insts      Area    Memory
##>----------------------------------------------------------------------------------------
##>G:Initial                            0         -         -       962     16356       447
##>G:Setup                              0         -         -         -         -         -
##>G:Launch ST                          0         -         -         -         -         -
##>G:Design Partition                   0         -         -         -         -         -
##>G:Create Partition Netlists          0         -         -         -         -         -
##>G:Init Power                         0         -         -         -         -         -
##>G:Budgeting                          0         -         -         -         -         -
##>G:Derenv-DB                          0         -         -         -         -         -
##>G:Debug Outputs                      0         -         -         -         -         -
##>G:ST loading                         0         -         -         -         -         -
##>G:Distributed                        0         -         -         -         -         -
##>G:Timer                              0         -         -         -         -         -
##>G:Assembly                           0         -         -         -         -         -
##>G:DFT                                0         -         -         -         -         -
##>G:Const Prop                         0         -         -      1578     14747       447
##>G:Misc                               3
##>----------------------------------------------------------------------------------------
##>Total Elapsed                        3
##>========================================================================================
Info    : Done synthesizing. [SYNTH-2]
        : Done synthesizing 'simple_riscv' to generic gates.
      flow.cputime  flow.realtime  timing.setup.tns  timing.setup.wns  snapshot
UM:*                                                                   syn_gen
@file(rcscript.tcl) 13: set_db syn_map_effort medium
  Setting attribute of root '/': 'syn_map_effort' = medium
@file(rcscript.tcl) 14: syn_map
##Generic Timing Info for library domain: _default_ typical gate delay: 127.0 ps std_slew: 15.5 ps std_load: 7.0 fF
Info    : Mapping. [SYNTH-4]
        : Mapping 'simple_riscv' using 'medium' effort.
Mapper: Libraries have:
	domain _default_: 324 combo usable cells and 128 sequential usable cells
Configuring mapper costing (none)
TNS Restructuring config: no_value at stage: map applied.
PBS_TechMap-Start - Elapsed_Time 0, CPU_Time 0.0
stamp 'PBS_TechMap-Start' being created for table 'pbs_debug'

  Total Time (Wall) |  Stage Time (Wall)  |   % (Wall)   |    Date - Time     |  Memory   | Stage
--------------------+---------------------+--------------+--------------------+-----------+----------------------
 00:00:04(00:00:08) |  00:00:00(00:00:00) |   0.0(  0.0) |   12:44:53 (Jun09) |  447.3 MB | PBS_Generic-Start
--------------------+---------------------+--------------+--------------------+-----------+----------------------
 00:00:06(00:00:11) |  00:00:02(00:00:03) | 100.0(100.0) |   12:44:56 (Jun09) |  447.3 MB | PBS_Generic_Opt-Post
--------------------+---------------------+--------------+--------------------+-----------+----------------------
 00:00:06(00:00:11) |  00:00:00(00:00:00) |   0.0(  0.0) |   12:44:56 (Jun09) |  447.3 MB | PBS_Generic-Postgen HBO Optimizations
--------------------+---------------------+--------------+--------------------+-----------+----------------------
 00:00:06(00:00:11) |  00:00:00(00:00:00) |   0.0(  0.0) |   12:44:56 (Jun09) |  447.3 MB | PBS_TechMap-Start
--------------------+---------------------+--------------+--------------------+-----------+----------------------
Number of threads: 8 * 1   (id: pbs_debug, time_info v1.57)
Info: (*N*) indicates data that was populated from previously saved time_info database
Info: CPU time includes time of parent + longest thread
PBS_TechMap-Premap HBO Optimizations - Elapsed_Time 0, CPU_Time 0.0
stamp 'PBS_TechMap-Premap HBO Optimizations' being created for table 'pbs_debug'

  Total Time (Wall) |  Stage Time (Wall)  |   % (Wall)   |    Date - Time     |  Memory   | Stage
--------------------+---------------------+--------------+--------------------+-----------+----------------------
 00:00:04(00:00:08) |  00:00:00(00:00:00) |   0.0(  0.0) |   12:44:53 (Jun09) |  447.3 MB | PBS_Generic-Start
--------------------+---------------------+--------------+--------------------+-----------+----------------------
 00:00:06(00:00:11) |  00:00:02(00:00:03) |  66.9(100.0) |   12:44:56 (Jun09) |  447.3 MB | PBS_Generic_Opt-Post
--------------------+---------------------+--------------+--------------------+-----------+----------------------
 00:00:06(00:00:11) |  00:00:00(00:00:00) |   0.0(  0.0) |   12:44:56 (Jun09) |  447.3 MB | PBS_Generic-Postgen HBO Optimizations
--------------------+---------------------+--------------+--------------------+-----------+----------------------
 00:00:06(00:00:11) |  00:00:00(00:00:00) |   0.0(  0.0) |   12:44:56 (Jun09) |  447.3 MB | PBS_TechMap-Start
--------------------+---------------------+--------------+--------------------+-----------+----------------------
 00:00:07(00:00:11) |  00:00:01(00:00:00) |  33.1(  0.0) |   12:44:56 (Jun09) |  447.3 MB | PBS_TechMap-Premap HBO Optimizations
--------------------+---------------------+--------------+--------------------+-----------+----------------------
Number of threads: 8 * 1   (id: pbs_debug, time_info v1.57)
Info: (*N*) indicates data that was populated from previously saved time_info database
Info: CPU time includes time of parent + longest thread
Info    : Partition Based Synthesis execution skipped. [PHYS-752]
        : Design size is less than the partition size '100000' for distributed mapping optimization to kick in.
Mapper: Libraries have:
	domain _default_: 324 combo usable cells and 128 sequential usable cells
Multi-threaded Virtual Mapping    (8 threads per ST process, 8 of 28 CPUs usable)
==================================
Stage : first_condense 
==================================
  =================
   Message Summary
  =================
-----------------------------------------------------------------------
|    Id    |Sev  |Count |                Message Text                 |
-----------------------------------------------------------------------
| PHYS-752 |Info |    1 |Partition Based Synthesis execution skipped. |
| SYNTH-2  |Info |    1 |Done synthesizing.                           |
| SYNTH-4  |Info |    1 |Mapping.                                     |
-----------------------------------------------------------------------
 
Global mapping target info
==========================
Cost Group 'clk' target slack:    56 ps
Target path end-point (Pin: reg_file_reg[15][7]/d)

Multi-threaded Virtual Mapping    (8 threads per ST process, 8 of 28 CPUs usable)
Multi-threaded Technology Mapping (8 threads per ST process, 8 of 28 CPUs usable)
 
Global mapping status
=====================
                                   Group   
                                  Tot Wrst 
                           Total  Weighted 
Operation                   Area   Slacks  
 global_map                 6638        0 

    Cost Group            Target    Slack    Diff.  Constr.
-----------------------------------------------------------
           clk                56       29              2000 

 
Global incremental target info
==============================
Cost Group 'clk' target slack:    29 ps
Target path end-point (Pin: reg_file_reg[15][5]/D (SDFFRHQX2/D))

 
Global incremental optimization status
======================================
                                   Group   
                                  Tot Wrst 
                           Total  Weighted 
Operation                   Area   Slacks  
 global_incr                6267        0 

    Cost Group            Target    Slack    Diff.  Constr.
-----------------------------------------------------------
           clk                29       17              2000 


State Retention Synthesis Status
================================

Category                        Flops   Percentage
--------------------------------------------------
Total instances                   142        100.0
Excluded from State Retention     142        100.0
    - Will not convert            142        100.0
      - Preserved                   0          0.0
      - Power intent excluded     142        100.0
    - Could not convert             0          0.0
      - Scan type                   0          0.0
      - No suitable cell            0          0.0
State Retention instances           0          0.0
--------------------------------------------------

INFO: skipping constant propagation
PBS_Techmap-Global Mapping - Elapsed_Time 3, CPU_Time 2.872848000000001
stamp 'PBS_Techmap-Global Mapping' being created for table 'pbs_debug'

  Total Time (Wall) |  Stage Time (Wall)  |   % (Wall)   |    Date - Time     |  Memory   | Stage
--------------------+---------------------+--------------+--------------------+-----------+----------------------
 00:00:04(00:00:08) |  00:00:00(00:00:00) |   0.0(  0.0) |   12:44:53 (Jun09) |  447.3 MB | PBS_Generic-Start
--------------------+---------------------+--------------+--------------------+-----------+----------------------
 00:00:06(00:00:11) |  00:00:02(00:00:03) |  34.3( 50.0) |   12:44:56 (Jun09) |  447.3 MB | PBS_Generic_Opt-Post
--------------------+---------------------+--------------+--------------------+-----------+----------------------
 00:00:06(00:00:11) |  00:00:00(00:00:00) |   0.0(  0.0) |   12:44:56 (Jun09) |  447.3 MB | PBS_Generic-Postgen HBO Optimizations
--------------------+---------------------+--------------+--------------------+-----------+----------------------
 00:00:06(00:00:11) |  00:00:00(00:00:00) |   0.0(  0.0) |   12:44:56 (Jun09) |  447.3 MB | PBS_TechMap-Start
--------------------+---------------------+--------------+--------------------+-----------+----------------------
 00:00:07(00:00:11) |  00:00:01(00:00:00) |  17.0(  0.0) |   12:44:56 (Jun09) |  447.3 MB | PBS_TechMap-Premap HBO Optimizations
--------------------+---------------------+--------------+--------------------+-----------+----------------------
 00:00:09(00:00:14) |  00:00:02(00:00:03) |  48.8( 50.0) |   12:44:59 (Jun09) |  824.4 MB | PBS_Techmap-Global Mapping
--------------------+---------------------+--------------+--------------------+-----------+----------------------
Number of threads: 8 * 1   (id: pbs_debug, time_info v1.57)
Info: (*N*) indicates data that was populated from previously saved time_info database
Info: CPU time includes time of parent + longest thread
Warning : Command 'commit_power_intent' cannot proceed as there is no power intent loaded. [CPI-506]
        : Command 'commit_power_intent' requires a valid power_intent to be loaded.
Info    : Wrote formal verification information. [CFM-5]
        : Wrote 'fv/simple_riscv/fv_map.fv.json' for netlist 'fv/simple_riscv/fv_map.v.gz'.
Info    : Wrote dofile. [CFM-1]
        : Dofile is 'fv/simple_riscv/rtl_to_fv_map.do'.
        : Alias mapping flow is enabled.
PBS_TechMap-Datapath Postmap Operations - Elapsed_Time 1, CPU_Time 1.0
stamp 'PBS_TechMap-Datapath Postmap Operations' being created for table 'pbs_debug'

  Total Time (Wall) |  Stage Time (Wall)  |   % (Wall)   |    Date - Time     |  Memory   | Stage
--------------------+---------------------+--------------+--------------------+-----------+----------------------
 00:00:04(00:00:08) |  00:00:00(00:00:00) |   0.0(  0.0) |   12:44:53 (Jun09) |  447.3 MB | PBS_Generic-Start
--------------------+---------------------+--------------+--------------------+-----------+----------------------
 00:00:06(00:00:11) |  00:00:02(00:00:03) |  29.3( 42.9) |   12:44:56 (Jun09) |  447.3 MB | PBS_Generic_Opt-Post
--------------------+---------------------+--------------+--------------------+-----------+----------------------
 00:00:06(00:00:11) |  00:00:00(00:00:00) |   0.0(  0.0) |   12:44:56 (Jun09) |  447.3 MB | PBS_Generic-Postgen HBO Optimizations
--------------------+---------------------+--------------+--------------------+-----------+----------------------
 00:00:06(00:00:11) |  00:00:00(00:00:00) |   0.0(  0.0) |   12:44:56 (Jun09) |  447.3 MB | PBS_TechMap-Start
--------------------+---------------------+--------------+--------------------+-----------+----------------------
 00:00:07(00:00:11) |  00:00:01(00:00:00) |  14.5(  0.0) |   12:44:56 (Jun09) |  447.3 MB | PBS_TechMap-Premap HBO Optimizations
--------------------+---------------------+--------------+--------------------+-----------+----------------------
 00:00:09(00:00:14) |  00:00:02(00:00:03) |  41.7( 42.9) |   12:44:59 (Jun09) |  824.4 MB | PBS_Techmap-Global Mapping
--------------------+---------------------+--------------+--------------------+-----------+----------------------
 00:00:10(00:00:15) |  00:00:01(00:00:01) |  14.5( 14.3) |   12:45:00 (Jun09) |  824.4 MB | PBS_TechMap-Datapath Postmap Operations
--------------------+---------------------+--------------+--------------------+-----------+----------------------
Number of threads: 8 * 1   (id: pbs_debug, time_info v1.57)
Info: (*N*) indicates data that was populated from previously saved time_info database
Info: CPU time includes time of parent + longest thread
PBS_TechMap-Postmap HBO Optimizations - Elapsed_Time 0, CPU_Time -0.0058000000000006935
stamp 'PBS_TechMap-Postmap HBO Optimizations' being created for table 'pbs_debug'

  Total Time (Wall) |  Stage Time (Wall)  |   % (Wall)   |    Date - Time     |  Memory   | Stage
--------------------+---------------------+--------------+--------------------+-----------+----------------------
 00:00:04(00:00:08) |  00:00:00(00:00:00) |   0.0(  0.0) |   12:44:53 (Jun09) |  447.3 MB | PBS_Generic-Start
--------------------+---------------------+--------------+--------------------+-----------+----------------------
 00:00:06(00:00:11) |  00:00:02(00:00:03) |  29.3( 42.9) |   12:44:56 (Jun09) |  447.3 MB | PBS_Generic_Opt-Post
--------------------+---------------------+--------------+--------------------+-----------+----------------------
 00:00:06(00:00:11) |  00:00:00(00:00:00) |   0.0(  0.0) |   12:44:56 (Jun09) |  447.3 MB | PBS_Generic-Postgen HBO Optimizations
--------------------+---------------------+--------------+--------------------+-----------+----------------------
 00:00:06(00:00:11) |  00:00:00(00:00:00) |   0.0(  0.0) |   12:44:56 (Jun09) |  447.3 MB | PBS_TechMap-Start
--------------------+---------------------+--------------+--------------------+-----------+----------------------
 00:00:07(00:00:11) |  00:00:01(00:00:00) |  14.5(  0.0) |   12:44:56 (Jun09) |  447.3 MB | PBS_TechMap-Premap HBO Optimizations
--------------------+---------------------+--------------+--------------------+-----------+----------------------
 00:00:09(00:00:14) |  00:00:02(00:00:03) |  41.7( 42.9) |   12:44:59 (Jun09) |  824.4 MB | PBS_Techmap-Global Mapping
--------------------+---------------------+--------------+--------------------+-----------+----------------------
 00:00:10(00:00:15) |  00:00:01(00:00:01) |  14.5( 14.3) |   12:45:00 (Jun09) |  824.4 MB | PBS_TechMap-Datapath Postmap Operations
--------------------+---------------------+--------------+--------------------+-----------+----------------------
 00:00:10(00:00:15) |  00:00:00(00:00:00) |  -0.1(  0.0) |   12:45:00 (Jun09) |  824.4 MB | PBS_TechMap-Postmap HBO Optimizations
--------------------+---------------------+--------------+--------------------+-----------+----------------------
Number of threads: 8 * 1   (id: pbs_debug, time_info v1.57)
Info: (*N*) indicates data that was populated from previously saved time_info database
Info: CPU time includes time of parent + longest thread
 Doing ConstProp on design:simple_riscv ... 

Time taken by ConstProp Step: 00:00:00
PBS_TechMap-Postmap Clock Gating - Elapsed_Time 0, CPU_Time 0.0
stamp 'PBS_TechMap-Postmap Clock Gating' being created for table 'pbs_debug'

  Total Time (Wall) |  Stage Time (Wall)  |   % (Wall)   |    Date - Time     |  Memory   | Stage
--------------------+---------------------+--------------+--------------------+-----------+----------------------
 00:00:04(00:00:08) |  00:00:00(00:00:00) |   0.0(  0.0) |   12:44:53 (Jun09) |  447.3 MB | PBS_Generic-Start
--------------------+---------------------+--------------+--------------------+-----------+----------------------
 00:00:06(00:00:11) |  00:00:02(00:00:03) |  29.3( 42.9) |   12:44:56 (Jun09) |  447.3 MB | PBS_Generic_Opt-Post
--------------------+---------------------+--------------+--------------------+-----------+----------------------
 00:00:06(00:00:11) |  00:00:00(00:00:00) |   0.0(  0.0) |   12:44:56 (Jun09) |  447.3 MB | PBS_Generic-Postgen HBO Optimizations
--------------------+---------------------+--------------+--------------------+-----------+----------------------
 00:00:06(00:00:11) |  00:00:00(00:00:00) |   0.0(  0.0) |   12:44:56 (Jun09) |  447.3 MB | PBS_TechMap-Start
--------------------+---------------------+--------------+--------------------+-----------+----------------------
 00:00:07(00:00:11) |  00:00:01(00:00:00) |  14.5(  0.0) |   12:44:56 (Jun09) |  447.3 MB | PBS_TechMap-Premap HBO Optimizations
--------------------+---------------------+--------------+--------------------+-----------+----------------------
 00:00:09(00:00:14) |  00:00:02(00:00:03) |  41.7( 42.9) |   12:44:59 (Jun09) |  824.4 MB | PBS_Techmap-Global Mapping
--------------------+---------------------+--------------+--------------------+-----------+----------------------
 00:00:10(00:00:15) |  00:00:01(00:00:01) |  14.5( 14.3) |   12:45:00 (Jun09) |  824.4 MB | PBS_TechMap-Datapath Postmap Operations
--------------------+---------------------+--------------+--------------------+-----------+----------------------
 00:00:10(00:00:15) |  00:00:00(00:00:00) |  -0.1(  0.0) |   12:45:00 (Jun09) |  824.4 MB | PBS_TechMap-Postmap HBO Optimizations
--------------------+---------------------+--------------+--------------------+-----------+----------------------
 00:00:10(00:00:15) |  00:00:00(00:00:00) |   0.0(  0.0) |   12:45:00 (Jun09) |  824.4 MB | PBS_TechMap-Postmap Clock Gating
--------------------+---------------------+--------------+--------------------+-----------+----------------------
Number of threads: 8 * 1   (id: pbs_debug, time_info v1.57)
Info: (*N*) indicates data that was populated from previously saved time_info database
Info: CPU time includes time of parent + longest thread
-------------------------------------------------------------------------------
 hi_fo_buf                  6267        0         0         0        0

           Trick     Calls     Accepts   Attempts    Time(secs) 
-----------------------------------------------------------
       hi_fo_buf         0  (        0 /        0 )  0.00

 
Incremental optimization status
===============================
                                   Group   
                                  Tot Wrst     Total - - DRC Totals - -
                           Total  Weighted      Neg       Max     Max  
Operation                   Area   Slacks      Slack      Cap   Fanout 
 init_delay                 6267        0         0         0        0

           Trick     Calls     Accepts   Attempts    Time(secs) 
-----------------------------------------------------------
       crit_upsz         0  (        0 /        0 )  0.00
    plc_bal_star         0  (        0 /        0 )  0.00
     drc_buftimb         0  (        0 /        0 )  0.00
          plc_st         0  (        0 /        0 )  0.00
    plc_st_fence         0  (        0 /        0 )  0.00
        plc_star         0  (        0 /        0 )  0.00
      plc_laf_st         0  (        0 /        0 )  0.00
 plc_laf_st_fence         0  (        0 /        0 )  0.00
     drc_buftims         0  (        0 /        0 )  0.00
            fopt         0  (        0 /        0 )  0.00
   plc_laf_lo_st         0  (        0 /        0 )  0.00
       plc_lo_st         0  (        0 /        0 )  0.00
        mb_split         0  (        0 /        0 )  0.00

 
Local TNS optimization status
=============================
                                   Group   
                                  Tot Wrst     Total - - DRC Totals - -
                           Total  Weighted      Neg       Max     Max  
Operation                   Area   Slacks      Slack      Cap   Fanout 
 init_tns                   6267        0         0         0        0

           Trick     Calls     Accepts   Attempts    Time(secs) 
-----------------------------------------------------------
    plc_bal_star         0  (        0 /        0 )  0.00
     drc_buftimb         0  (        0 /        0 )  0.00
     drc_buftims         0  (        0 /        0 )  0.00
       crit_upsz         0  (        0 /        0 )  0.00
   plc_laf_lo_st         0  (        0 /        0 )  0.00
       plc_lo_st         0  (        0 /        0 )  0.00
            fopt         0  (        0 /        0 )  0.00
       crit_dnsz         0  (        0 /        0 )  0.00
             dup         0  (        0 /        0 )  0.00
        setup_dn         0  (        0 /        0 )  0.00
        mb_split         0  (        0 /        0 )  0.00

PBS_TechMap-Postmap Cleanup - Elapsed_Time 0, CPU_Time -0.005891000000001867
stamp 'PBS_TechMap-Postmap Cleanup' being created for table 'pbs_debug'

  Total Time (Wall) |  Stage Time (Wall)  |   % (Wall)   |    Date - Time     |  Memory   | Stage
--------------------+---------------------+--------------+--------------------+-----------+----------------------
 00:00:04(00:00:08) |  00:00:00(00:00:00) |   0.0(  0.0) |   12:44:53 (Jun09) |  447.3 MB | PBS_Generic-Start
--------------------+---------------------+--------------+--------------------+-----------+----------------------
 00:00:06(00:00:11) |  00:00:02(00:00:03) |  29.3( 42.9) |   12:44:56 (Jun09) |  447.3 MB | PBS_Generic_Opt-Post
--------------------+---------------------+--------------+--------------------+-----------+----------------------
 00:00:06(00:00:11) |  00:00:00(00:00:00) |   0.0(  0.0) |   12:44:56 (Jun09) |  447.3 MB | PBS_Generic-Postgen HBO Optimizations
--------------------+---------------------+--------------+--------------------+-----------+----------------------
 00:00:06(00:00:11) |  00:00:00(00:00:00) |   0.0(  0.0) |   12:44:56 (Jun09) |  447.3 MB | PBS_TechMap-Start
--------------------+---------------------+--------------+--------------------+-----------+----------------------
 00:00:07(00:00:11) |  00:00:01(00:00:00) |  14.5(  0.0) |   12:44:56 (Jun09) |  447.3 MB | PBS_TechMap-Premap HBO Optimizations
--------------------+---------------------+--------------+--------------------+-----------+----------------------
 00:00:09(00:00:14) |  00:00:02(00:00:03) |  41.8( 42.9) |   12:44:59 (Jun09) |  824.4 MB | PBS_Techmap-Global Mapping
--------------------+---------------------+--------------+--------------------+-----------+----------------------
 00:00:10(00:00:15) |  00:00:01(00:00:01) |  14.5( 14.3) |   12:45:00 (Jun09) |  824.4 MB | PBS_TechMap-Datapath Postmap Operations
--------------------+---------------------+--------------+--------------------+-----------+----------------------
 00:00:10(00:00:15) |  00:00:00(00:00:00) |  -0.1(  0.0) |   12:45:00 (Jun09) |  824.4 MB | PBS_TechMap-Postmap HBO Optimizations
--------------------+---------------------+--------------+--------------------+-----------+----------------------
 00:00:10(00:00:15) |  00:00:00(00:00:00) |   0.0(  0.0) |   12:45:00 (Jun09) |  824.4 MB | PBS_TechMap-Postmap Clock Gating
--------------------+---------------------+--------------+--------------------+-----------+----------------------
 00:00:10(00:00:15) |  00:00:00(00:00:00) |  -0.1(  0.0) |   12:45:00 (Jun09) |  824.4 MB | PBS_TechMap-Postmap Cleanup
--------------------+---------------------+--------------+--------------------+-----------+----------------------
Number of threads: 8 * 1   (id: pbs_debug, time_info v1.57)
Info: (*N*) indicates data that was populated from previously saved time_info database
Info: CPU time includes time of parent + longest thread
PBS_Techmap-Post_MBCI - Elapsed_Time 0, CPU_Time 0.0
stamp 'PBS_Techmap-Post_MBCI' being created for table 'pbs_debug'

  Total Time (Wall) |  Stage Time (Wall)  |   % (Wall)   |    Date - Time     |  Memory   | Stage
--------------------+---------------------+--------------+--------------------+-----------+----------------------
 00:00:04(00:00:08) |  00:00:00(00:00:00) |   0.0(  0.0) |   12:44:53 (Jun09) |  447.3 MB | PBS_Generic-Start
--------------------+---------------------+--------------+--------------------+-----------+----------------------
 00:00:06(00:00:11) |  00:00:02(00:00:03) |  29.3( 42.9) |   12:44:56 (Jun09) |  447.3 MB | PBS_Generic_Opt-Post
--------------------+---------------------+--------------+--------------------+-----------+----------------------
 00:00:06(00:00:11) |  00:00:00(00:00:00) |   0.0(  0.0) |   12:44:56 (Jun09) |  447.3 MB | PBS_Generic-Postgen HBO Optimizations
--------------------+---------------------+--------------+--------------------+-----------+----------------------
 00:00:06(00:00:11) |  00:00:00(00:00:00) |   0.0(  0.0) |   12:44:56 (Jun09) |  447.3 MB | PBS_TechMap-Start
--------------------+---------------------+--------------+--------------------+-----------+----------------------
 00:00:07(00:00:11) |  00:00:01(00:00:00) |  14.5(  0.0) |   12:44:56 (Jun09) |  447.3 MB | PBS_TechMap-Premap HBO Optimizations
--------------------+---------------------+--------------+--------------------+-----------+----------------------
 00:00:09(00:00:14) |  00:00:02(00:00:03) |  41.8( 42.9) |   12:44:59 (Jun09) |  824.4 MB | PBS_Techmap-Global Mapping
--------------------+---------------------+--------------+--------------------+-----------+----------------------
 00:00:10(00:00:15) |  00:00:01(00:00:01) |  14.5( 14.3) |   12:45:00 (Jun09) |  824.4 MB | PBS_TechMap-Datapath Postmap Operations
--------------------+---------------------+--------------+--------------------+-----------+----------------------
 00:00:10(00:00:15) |  00:00:00(00:00:00) |  -0.1(  0.0) |   12:45:00 (Jun09) |  824.4 MB | PBS_TechMap-Postmap HBO Optimizations
--------------------+---------------------+--------------+--------------------+-----------+----------------------
 00:00:10(00:00:15) |  00:00:00(00:00:00) |   0.0(  0.0) |   12:45:00 (Jun09) |  824.4 MB | PBS_TechMap-Postmap Clock Gating
--------------------+---------------------+--------------+--------------------+-----------+----------------------
 00:00:10(00:00:15) |  00:00:00(00:00:00) |  -0.1(  0.0) |   12:45:00 (Jun09) |  824.4 MB | PBS_TechMap-Postmap Cleanup
--------------------+---------------------+--------------+--------------------+-----------+----------------------
 00:00:10(00:00:15) |  00:00:00(00:00:00) |   0.0(  0.0) |   12:45:00 (Jun09) |  824.4 MB | PBS_Techmap-Post_MBCI
--------------------+---------------------+--------------+--------------------+-----------+----------------------
Number of threads: 8 * 1   (id: pbs_debug, time_info v1.57)
Info: (*N*) indicates data that was populated from previously saved time_info database
Info: CPU time includes time of parent + longest thread
##>=================== Cadence Confidential (Mapping-Logical) ===================
##>Main Thread Summary:
##>----------------------------------------------------------------------------------------
##>STEP                           Elapsed       WNS       TNS     Insts      Area    Memory
##>----------------------------------------------------------------------------------------
##>M:Initial                            0         -         -      1578     14747       447
##>M:Pre Cleanup                        0         -         -      1578     14747       447
##>M:Setup                              0         -         -         -         -         -
##>M:Launch ST                          0         -         -         -         -         -
##>M:Design Partition                   0         -         -         -         -         -
##>M:Create Partition Netlists          0         -         -         -         -         -
##>M:Init Power                         0         -         -         -         -         -
##>M:Budgeting                          0         -         -         -         -         -
##>M:Derenv-DB                          0         -         -         -         -         -
##>M:Debug Outputs                      0         -         -         -         -         -
##>M:ST loading                         0         -         -         -         -         -
##>M:Distributed                        0         -         -         -         -         -
##>M:Timer                              0         -         -         -         -         -
##>M:Assembly                           0         -         -         -         -         -
##>M:DFT                                0         -         -         -         -         -
##>M:DP Operations                      1         -         -       727      6267       824
##>M:Const Prop                         0        16         0       727      6267       824
##>M:Cleanup                            0        16         0       727      6267       824
##>M:MBCI                               0         -         -       727      6267       824
##>M:Const Gate Removal                 0         -         -         -         -         -
##>M:Misc                               3
##>----------------------------------------------------------------------------------------
##>Total Elapsed                        4
##>========================================================================================
Info    : Done mapping. [SYNTH-5]
        : Done mapping 'simple_riscv'.
      flow.cputime  flow.realtime  timing.setup.tns  timing.setup.wns  snapshot
UM:*                                                                   syn_map
@file(rcscript.tcl) 15: set_db syn_opt_effort medium
  Setting attribute of root '/': 'syn_opt_effort' = medium
@file(rcscript.tcl) 16: syn_opt
Info    : Incrementally optimizing. [SYNTH-7]
        : Incrementally optimizing 'simple_riscv' using 'medium' effort.
 
Incremental optimization status
===============================
                                   Group   
                                  Tot Wrst     Total - - DRC Totals - -
                           Total  Weighted      Neg       Max     Max  
Operation                   Area   Slacks      Slack      Cap   Fanout 
 init_iopt                  6267        0         0         0        0
-------------------------------------------------------------------------------
 const_prop                 6267        0         0         0        0
 
Incremental optimization status
===============================
                                   Group   
                                  Tot Wrst     Total - - DRC Totals - -
                           Total  Weighted      Neg       Max     Max  
Operation                   Area   Slacks      Slack      Cap   Fanout 
 init_delay                 6267        0         0         0        0

           Trick     Calls     Accepts   Attempts    Time(secs) 
-----------------------------------------------------------
       crit_upsz         0  (        0 /        0 )  0.00
    plc_bal_star         0  (        0 /        0 )  0.00
     drc_buftimb         0  (        0 /        0 )  0.00
          plc_st         0  (        0 /        0 )  0.00
    plc_st_fence         0  (        0 /        0 )  0.00
        plc_star         0  (        0 /        0 )  0.00
      plc_laf_st         0  (        0 /        0 )  0.00
 plc_laf_st_fence         0  (        0 /        0 )  0.00
     drc_buftims         0  (        0 /        0 )  0.00
   plc_laf_lo_st         0  (        0 /        0 )  0.00
       plc_lo_st         0  (        0 /        0 )  0.00
            fopt         0  (        0 /        0 )  0.00
       crit_dnsz         0  (        0 /        0 )  0.00
             dup         0  (        0 /        0 )  0.00
            fopt         0  (        0 /        0 )  0.00
        setup_dn         0  (        0 /        0 )  0.00
         buf2inv         0  (        0 /        0 )  0.00
        mb_split         0  (        0 /        0 )  0.00
             exp         0  (        0 /        0 )  0.00
       gate_deco         0  (        0 /        0 )  0.00
       gcomp_tim         0  (        0 /        0 )  0.00
  inv_pair_2_buf         0  (        0 /        0 )  0.00

 init_drc                   6267        0         0         0        0

           Trick     Calls     Accepts   Attempts    Time(secs) 
-----------------------------------------------------------
          plc_st         0  (        0 /        0 )  0.00
        plc_star         0  (        0 /        0 )  0.00
        drc_bufs         0  (        0 /        0 )  0.00
        drc_fopt         0  (        0 /        0 )  0.00
        drc_bufb         0  (        0 /        0 )  0.00
      simple_buf         0  (        0 /        0 )  0.00
             dup         0  (        0 /        0 )  0.00
       crit_dnsz         0  (        0 /        0 )  0.00
       crit_upsz         0  (        0 /        0 )  0.00


           Trick     Calls     Accepts   Attempts    Time(secs) 
-----------------------------------------------------------
          plc_st         0  (        0 /        0 )  0.00
        plc_star         0  (        0 /        0 )  0.00
      drc_buf_sp         0  (        0 /        0 )  0.00
        drc_bufs         0  (        0 /        0 )  0.00
        drc_fopt         0  (        0 /        0 )  0.00
        drc_bufb         0  (        0 /        0 )  0.00
      simple_buf         0  (        0 /        0 )  0.00
             dup         0  (        0 /        0 )  0.00
       crit_dnsz         0  (        0 /        0 )  0.00
       crit_upsz         0  (        0 /        0 )  0.00


           Trick     Calls     Accepts   Attempts    Time(secs) 
-----------------------------------------------------------
          plc_st         0  (        0 /        0 )  0.00
        plc_star         0  (        0 /        0 )  0.00
      drc_buf_sp         0  (        0 /        0 )  0.00
        drc_bufs         0  (        0 /        0 )  0.00
        drc_fopt         0  (        0 /        0 )  0.00
        drc_bufb         0  (        0 /        0 )  0.00
             dup         0  (        0 /        0 )  0.00
       crit_dnsz         0  (        0 /        0 )  0.00
       crit_upsz         0  (        0 /        0 )  0.00

 init_tns                   6267        0         0         0        0

           Trick     Calls     Accepts   Attempts    Time(secs) 
-----------------------------------------------------------
    plc_bal_star         0  (        0 /        0 )  0.00
     drc_buftimb         0  (        0 /        0 )  0.00
     drc_buftims         0  (        0 /        0 )  0.00
       crit_upsz         0  (        0 /        0 )  0.00
   plc_laf_lo_st         0  (        0 /        0 )  0.00
       plc_lo_st         0  (        0 /        0 )  0.00
            fopt         0  (        0 /        0 )  0.00
       crit_dnsz         0  (        0 /        0 )  0.00
             dup         0  (        0 /        0 )  0.00
        setup_dn         0  (        0 /        0 )  0.00
         buf2inv         0  (        0 /        0 )  0.00
        mb_split         0  (        0 /        0 )  0.00

 init_area                  6267        0         0         0        0
 rem_buf                    6263        0         0         0        0
 io_phase                   6257        0         0         0        0
 gate_comp                  6241        0         0         0        0
 glob_area                  6233        0         0         0        0
 area_down                  6172        0         0         0        0

           Trick     Calls     Accepts   Attempts    Time(secs) 
-----------------------------------------------------------
           undup         0  (        0 /        0 )  0.00
         rem_buf         1  (        1 /        1 )  0.00
         rem_inv         1  (        0 /        0 )  0.00
        merge_bi         0  (        0 /        0 )  0.00
      rem_inv_qb         0  (        0 /        0 )  0.00
        io_phase         8  (        6 /        6 )  0.01
       gate_comp        42  (        6 /        6 )  0.07
       gcomp_mog         0  (        0 /        0 )  0.01
       glob_area        21  (        8 /       21 )  0.02
       area_down        34  (       19 /       20 )  0.07
      size_n_buf         2  (        0 /        0 )  0.01
  gate_deco_area         0  (        0 /        0 )  0.00
         rem_buf         0  (        0 /        0 )  0.00
         rem_inv         1  (        0 /        0 )  0.00
        merge_bi         0  (        0 /        0 )  0.00
      rem_inv_qb         0  (        0 /        0 )  0.00

 
Incremental optimization status
===============================
                                   Group   
                                  Tot Wrst     Total - - DRC Totals - -
                           Total  Weighted      Neg       Max     Max  
Operation                   Area   Slacks      Slack      Cap   Fanout 
 init_delay                 6172        0         0         0        0

           Trick     Calls     Accepts   Attempts    Time(secs) 
-----------------------------------------------------------
       crit_upsz         0  (        0 /        0 )  0.00
    plc_bal_star         0  (        0 /        0 )  0.00
     drc_buftimb         0  (        0 /        0 )  0.00
          plc_st         0  (        0 /        0 )  0.00
    plc_st_fence         0  (        0 /        0 )  0.00
        plc_star         0  (        0 /        0 )  0.00
      plc_laf_st         0  (        0 /        0 )  0.00
 plc_laf_st_fence         0  (        0 /        0 )  0.00
     drc_buftims         0  (        0 /        0 )  0.00
   plc_laf_lo_st         0  (        0 /        0 )  0.00
       plc_lo_st         0  (        0 /        0 )  0.00
            fopt         0  (        0 /        0 )  0.00
       crit_dnsz         0  (        0 /        0 )  0.00
             dup         0  (        0 /        0 )  0.00
            fopt         0  (        0 /        0 )  0.00
        setup_dn         0  (        0 /        0 )  0.00
         buf2inv         0  (        0 /        0 )  0.00
        mb_split         0  (        0 /        0 )  0.00
             exp         0  (        0 /        0 )  0.00
       gate_deco         0  (        0 /        0 )  0.00
       gcomp_tim         0  (        0 /        0 )  0.00
  inv_pair_2_buf         0  (        0 /        0 )  0.00

 init_drc                   6172        0         0         0        0

           Trick     Calls     Accepts   Attempts    Time(secs) 
-----------------------------------------------------------
          plc_st         0  (        0 /        0 )  0.00
        plc_star         0  (        0 /        0 )  0.00
        drc_bufs         0  (        0 /        0 )  0.00
        drc_fopt         0  (        0 /        0 )  0.00
        drc_bufb         0  (        0 /        0 )  0.00
      simple_buf         0  (        0 /        0 )  0.00
             dup         0  (        0 /        0 )  0.00
       crit_dnsz         0  (        0 /        0 )  0.00
       crit_upsz         0  (        0 /        0 )  0.00


           Trick     Calls     Accepts   Attempts    Time(secs) 
-----------------------------------------------------------
          plc_st         0  (        0 /        0 )  0.00
        plc_star         0  (        0 /        0 )  0.00
        drc_bufs         0  (        0 /        0 )  0.00
        drc_fopt         0  (        0 /        0 )  0.00
        drc_bufb         0  (        0 /        0 )  0.00
      simple_buf         0  (        0 /        0 )  0.00
             dup         0  (        0 /        0 )  0.00
       crit_dnsz         0  (        0 /        0 )  0.00
       crit_upsz         0  (        0 /        0 )  0.00


           Trick     Calls     Accepts   Attempts    Time(secs) 
-----------------------------------------------------------
          plc_st         0  (        0 /        0 )  0.00
        plc_star         0  (        0 /        0 )  0.00
        drc_bufs         0  (        0 /        0 )  0.00
        drc_fopt         0  (        0 /        0 )  0.00
        drc_bufb         0  (        0 /        0 )  0.00
             dup         0  (        0 /        0 )  0.00
       crit_dnsz         0  (        0 /        0 )  0.00
       crit_upsz         0  (        0 /        0 )  0.00

 init_area                  6172        0         0         0        0

           Trick     Calls     Accepts   Attempts    Time(secs) 
-----------------------------------------------------------
           undup         0  (        0 /        0 )  0.00
         rem_buf         0  (        0 /        0 )  0.00
         rem_inv         1  (        0 /        0 )  0.00
        merge_bi         0  (        0 /        0 )  0.00
      rem_inv_qb         0  (        0 /        0 )  0.00
        io_phase         2  (        0 /        0 )  0.00
       gate_comp        35  (        0 /        0 )  0.06
       gcomp_mog         0  (        0 /        0 )  0.01
       glob_area        17  (        0 /       17 )  0.02
       area_down        19  (        0 /        1 )  0.02
      size_n_buf         0  (        0 /        0 )  0.00
  gate_deco_area         0  (        0 /        0 )  0.00

==================================
Stage : incr_opt 
==================================
  =================
   Message Summary
  =================
--------------------------------------------------------------------------------
|   Id    |  Sev   |Count |                   Message Text                     |
--------------------------------------------------------------------------------
| CFM-1   |Info    |    1 |Wrote dofile.                                       |
| CFM-5   |Info    |    1 |Wrote formal verification information.              |
| CPI-506 |Warning |    1 |Command 'commit_power_intent' cannot proceed as     |
|         |        |      | there is no power intent loaded.                   |
| PA-7    |Info    |    4 |Resetting power analysis results.                   |
|         |        |      |All computed switching activities are removed.      |
| SYNTH-5 |Info    |    1 |Done mapping.                                       |
| SYNTH-7 |Info    |    1 |Incrementally optimizing.                           |
--------------------------------------------------------------------------------
Info    : Done incrementally optimizing. [SYNTH-8]
        : Done incrementally optimizing 'simple_riscv'.
      flow.cputime  flow.realtime  timing.setup.tns  timing.setup.wns  snapshot
UM:*                                                                   syn_opt
@file(rcscript.tcl) 19: write_hdl > riscv_netlist.v
@file(rcscript.tcl) 20: write_sdc > riscv_block.sdc
Finished SDC export (command execution time mm:ss (real) = 00:00).
@file(rcscript.tcl) 21: report_area > riscv_area.rep
@file(rcscript.tcl) 22: report_gates > riscv_gate.rep
@file(rcscript.tcl) 23: report_power > riscv_power.rep
Info    : Joules engine is used. [RPT-16]
        : Joules engine is being used for the command report_power.
Info   : ACTP-0001 [ACTPInfo] Activity propagation started for stim#0 netlist
       : simple_riscv
Info   : ACTP-0009 [ACTPInfo] Activity Propagation Progress Report :   0%   1%   2%   3%   4%   5%   6%   7%   8%   9%  10%  11%  12%  13%  14%  15%  16%  17%  18%  19%  20%  21%  22%  23%  24%  25%  26%  27%  28%  29%  30%  31%  32%  33%  34%  35%  36%  37%  38%  39%  40%  41%  42%  43%  44%  45%  46%  47%  48%  49%  50%  51%  52%  53%  54%  55%  56%  57%  58%  59%  60%  61%  62%  63%  64%  65%  66%  67%  68%  69%  70%  71%  72%  73%  74%  75%  76%  77%  78%  79%  80%  81%  82%  83%  84%  85%  86%  87%  88%  89%  90%  91%  92%  93%  94%  95%  96%  97%  98%  99% 100%
Info   : ACTP-0001 Activity propagation ended for stim#0
Info   : PWRA-0001 [PwrInfo] compute_power effective options 
       : -mode : vectorless
       : -skip_propagation : 1
       : -frequency_scaling_factor : 1.0
       : -use_clock_freq : stim
       : -stim :/stim#0
       : -fromGenus : 1
Info   : ACTP-0001 Timing initialization started
Info   : ACTP-0001 Timing initialization ended
Info   : PWRA-0002 [PwrInfo] Skipping activity propagation due to -skip_ap
       : option....
Warning: PWRA-0302 [PwrWarn] Frequency scaling is not applicable for vectorless
       : flow. Ignoring frequency scaling.
Warning: PWRA-0304 [PwrWarn] -stim option is not applicable with vectorless mode
       : of power analysis, ignored this option.
Info   : PWRA-0002 Started 'vectorless' power computation.
Info   : PWRA-0009 [PwrInfo] Power Computation Progress Report :   0%   1%   2%   3%   4%   5%   6%   7%   8%   9%  10%  11%  12%  13%  14%  15%  16%  17%  18%  19%  20%  21%  22%  23%  24%  25%  26%  27%  28%  29%  30%  31%  32%  33%  34%  35%  36%  37%  38%  39%  40%  41%  42%  43%  44%  45%  46%  47%  48%  49%  50%  51%  52%  53%  54%  55%  56%  57%  58%  59%  60%  61%  62%  63%  64%  65%  66%  67%  68%  69%  70%  71%  72%  73%  74%  75%  76%  77%  78%  79%  80%  81%  82%  83%  84%  85%  86%  87%  88%  89%  90%  91%  92%  93%  94%  95%  96%  97%  98%  99% 100%
Info   : PWRA-0002 Finished power computation.
Info   : PWRA-0007 [PwrInfo] Completed successfully.
       : Info=6, Warn=2, Error=0, Fatal=0
Output file: riscv_power.rep
@file(rcscript.tcl) 24: report_timing > riscv_timing.rep
@file(rcscript.tcl) 25: gui_show
#@ End verbose source ./rcscript.tcl

Lic Summary:
[12:45:26.060192] Cdslmd servers: asiclab
[12:45:26.060203] Feature usage summary:
[12:45:26.060203] Genus_Synthesis

Normal exit.